{"/Users/nagasainathpalle/Desktop/Personal/sainath.dev/src/App.css": {"path":"/Users/nagasainathpalle/Desktop/Personal/sainath.dev/src/App.css","statementMap":{},"fnMap":{},"branchMap":{},"s":{},"f":{},"b":{},"meta":{"lastBranch":0,"lastFunction":0,"lastStatement":0,"seen":{}}}
,"/Users/nagasainathpalle/Desktop/Personal/sainath.dev/src/App.jsx": {"path":"/Users/nagasainathpalle/Desktop/Personal/sainath.dev/src/App.jsx","statementMap":{"0":{"start":{"line":14,"column":2},"end":{"line":26,"column":null}}},"fnMap":{"0":{"name":"App","decl":{"start":{"line":13,"column":9},"end":{"line":13,"column":15}},"loc":{"start":{"line":13,"column":15},"end":{"line":28,"column":null}},"line":13}},"branchMap":{},"s":{"0":3},"f":{"0":3},"b":{},"meta":{"lastBranch":0,"lastFunction":1,"lastStatement":1,"seen":{"f:13:9:13:15":0,"s:14:2:26:Infinity":0}}}
,"/Users/nagasainathpalle/Desktop/Personal/sainath.dev/src/components/About.css": {"path":"/Users/nagasainathpalle/Desktop/Personal/sainath.dev/src/components/About.css","statementMap":{},"fnMap":{},"branchMap":{},"s":{},"f":{},"b":{},"meta":{"lastBranch":0,"lastFunction":0,"lastStatement":0,"seen":{}}}
,"/Users/nagasainathpalle/Desktop/Personal/sainath.dev/src/components/About.jsx": {"path":"/Users/nagasainathpalle/Desktop/Personal/sainath.dev/src/components/About.jsx","statementMap":{"0":{"start":{"line":5,"column":14},"end":{"line":74,"column":null}},"1":{"start":{"line":6,"column":12},"end":{"line":6,"column":null}},"2":{"start":{"line":8,"column":2},"end":{"line":72,"column":null}}},"fnMap":{"0":{"name":"(anonymous_0)","decl":{"start":{"line":5,"column":14},"end":{"line":5,"column":20}},"loc":{"start":{"line":5,"column":20},"end":{"line":74,"column":null}},"line":5}},"branchMap":{},"s":{"0":1,"1":9,"2":9},"f":{"0":9},"b":{},"meta":{"lastBranch":0,"lastFunction":1,"lastStatement":3,"seen":{"s:5:14:74:Infinity":0,"f:5:14:5:20":0,"s:6:12:6:Infinity":1,"s:8:2:72:Infinity":2}}}
,"/Users/nagasainathpalle/Desktop/Personal/sainath.dev/src/components/CTA.css": {"path":"/Users/nagasainathpalle/Desktop/Personal/sainath.dev/src/components/CTA.css","statementMap":{},"fnMap":{},"branchMap":{},"s":{},"f":{},"b":{},"meta":{"lastBranch":0,"lastFunction":0,"lastStatement":0,"seen":{}}}
,"/Users/nagasainathpalle/Desktop/Personal/sainath.dev/src/components/CTA.jsx": {"path":"/Users/nagasainathpalle/Desktop/Personal/sainath.dev/src/components/CTA.jsx","statementMap":{"0":{"start":{"line":4,"column":12},"end":{"line":29,"column":null}},"1":{"start":{"line":5,"column":12},"end":{"line":5,"column":null}},"2":{"start":{"line":7,"column":2},"end":{"line":27,"column":null}}},"fnMap":{"0":{"name":"(anonymous_0)","decl":{"start":{"line":4,"column":12},"end":{"line":4,"column":18}},"loc":{"start":{"line":4,"column":18},"end":{"line":29,"column":null}},"line":4}},"branchMap":{},"s":{"0":1,"1":6,"2":6},"f":{"0":6},"b":{},"meta":{"lastBranch":0,"lastFunction":1,"lastStatement":3,"seen":{"s:4:12:29:Infinity":0,"f:4:12:4:18":0,"s:5:12:5:Infinity":1,"s:7:2:27:Infinity":2}}}
,"/Users/nagasainathpalle/Desktop/Personal/sainath.dev/src/components/Contact.css": {"path":"/Users/nagasainathpalle/Desktop/Personal/sainath.dev/src/components/Contact.css","statementMap":{},"fnMap":{},"branchMap":{},"s":{},"f":{},"b":{},"meta":{"lastBranch":0,"lastFunction":0,"lastStatement":0,"seen":{}}}
,"/Users/nagasainathpalle/Desktop/Personal/sainath.dev/src/components/Contact.jsx": {"path":"/Users/nagasainathpalle/Desktop/Personal/sainath.dev/src/components/Contact.jsx","statementMap":{"0":{"start":{"line":6,"column":16},"end":{"line":212,"column":null}},"1":{"start":{"line":7,"column":12},"end":{"line":7,"column":null}},"2":{"start":{"line":8,"column":30},"end":{"line":13,"column":null}},"3":{"start":{"line":14,"column":38},"end":{"line":14,"column":null}},"4":{"start":{"line":15,"column":38},"end":{"line":15,"column":null}},"5":{"start":{"line":16,"column":22},"end":{"line":41,"column":null}},"6":{"start":{"line":43,"column":28},"end":{"line":49,"column":null}},"7":{"start":{"line":44,"column":28},"end":{"line":44,"column":null}},"8":{"start":{"line":45,"column":4},"end":{"line":48,"column":null}},"9":{"start":{"line":45,"column":25},"end":{"line":48,"column":6}},"10":{"start":{"line":51,"column":23},"end":{"line":81,"column":null}},"11":{"start":{"line":52,"column":4},"end":{"line":52,"column":null}},"12":{"start":{"line":53,"column":4},"end":{"line":53,"column":null}},"13":{"start":{"line":54,"column":4},"end":{"line":54,"column":null}},"14":{"start":{"line":56,"column":4},"end":{"line":80,"column":null}},"15":{"start":{"line":58,"column":21},"end":{"line":69,"column":null}},"16":{"start":{"line":71,"column":6},"end":{"line":74,"column":null}},"17":{"start":{"line":72,"column":8},"end":{"line":72,"column":null}},"18":{"start":{"line":73,"column":8},"end":{"line":73,"column":null}},"19":{"start":{"line":76,"column":6},"end":{"line":76,"column":null}},"20":{"start":{"line":77,"column":6},"end":{"line":77,"column":null}},"21":{"start":{"line":79,"column":6},"end":{"line":79,"column":null}},"22":{"start":{"line":83,"column":2},"end":{"line":210,"column":null}},"23":{"start":{"line":100,"column":16},"end":{"line":112,"column":null}}},"fnMap":{"0":{"name":"(anonymous_0)","decl":{"start":{"line":6,"column":16},"end":{"line":6,"column":22}},"loc":{"start":{"line":6,"column":22},"end":{"line":212,"column":null}},"line":6},"1":{"name":"(anonymous_1)","decl":{"start":{"line":43,"column":28},"end":{"line":43,"column":29}},"loc":{"start":{"line":43,"column":35},"end":{"line":49,"column":null}},"line":43},"2":{"name":"(anonymous_2)","decl":{"start":{"line":45,"column":16},"end":{"line":45,"column":25}},"loc":{"start":{"line":45,"column":25},"end":{"line":48,"column":6}},"line":45},"3":{"name":"(anonymous_3)","decl":{"start":{"line":51,"column":23},"end":{"line":51,"column":30}},"loc":{"start":{"line":51,"column":36},"end":{"line":81,"column":null}},"line":51},"4":{"name":"(anonymous_4)","decl":{"start":{"line":99,"column":31},"end":{"line":99,"column":32}},"loc":{"start":{"line":100,"column":16},"end":{"line":112,"column":null}},"line":100}},"branchMap":{"0":{"loc":{"start":{"line":71,"column":6},"end":{"line":74,"column":null}},"type":"if","locations":[{"start":{"line":71,"column":6},"end":{"line":74,"column":null}},{"start":{},"end":{}}],"line":71},"1":{"loc":{"start":{"line":104,"column":26},"end":{"line":104,"column":null}},"type":"cond-expr","locations":[{"start":{"line":104,"column":57},"end":{"line":104,"column":68}},{"start":{"line":104,"column":68},"end":{"line":104,"column":null}}],"line":104},"2":{"loc":{"start":{"line":105,"column":23},"end":{"line":105,"column":null}},"type":"cond-expr","locations":[{"start":{"line":105,"column":54},"end":{"line":105,"column":78}},{"start":{"line":105,"column":78},"end":{"line":105,"column":null}}],"line":105},"3":{"loc":{"start":{"line":135,"column":15},"end":{"line":138,"column":null}},"type":"binary-expr","locations":[{"start":{"line":135,"column":15},"end":{"line":135,"column":null}},{"start":{"line":136,"column":16},"end":{"line":138,"column":null}}],"line":135},"4":{"loc":{"start":{"line":141,"column":15},"end":{"line":144,"column":null}},"type":"binary-expr","locations":[{"start":{"line":141,"column":15},"end":{"line":141,"column":null}},{"start":{"line":142,"column":16},"end":{"line":144,"column":null}}],"line":141},"5":{"loc":{"start":{"line":204,"column":17},"end":{"line":204,"column":null}},"type":"cond-expr","locations":[{"start":{"line":204,"column":32},"end":{"line":204,"column":55}},{"start":{"line":204,"column":55},"end":{"line":204,"column":null}}],"line":204}},"s":{"0":1,"1":109,"2":109,"3":109,"4":109,"5":109,"6":109,"7":98,"8":98,"9":98,"10":109,"11":1,"12":1,"13":1,"14":1,"15":1,"16":0,"17":0,"18":0,"19":1,"20":1,"21":1,"22":109,"23":436},"f":{"0":109,"1":98,"2":98,"3":1,"4":436},"b":{"0":[0,0],"1":[109,327],"2":[109,327],"3":[109,0],"4":[109,1],"5":[0,109]},"meta":{"lastBranch":6,"lastFunction":5,"lastStatement":24,"seen":{"s:6:16:212:Infinity":0,"f:6:16:6:22":0,"s:7:12:7:Infinity":1,"s:8:30:13:Infinity":2,"s:14:38:14:Infinity":3,"s:15:38:15:Infinity":4,"s:16:22:41:Infinity":5,"s:43:28:49:Infinity":6,"f:43:28:43:29":1,"s:44:28:44:Infinity":7,"s:45:4:48:Infinity":8,"f:45:16:45:25":2,"s:45:25:48:6":9,"s:51:23:81:Infinity":10,"f:51:23:51:30":3,"s:52:4:52:Infinity":11,"s:53:4:53:Infinity":12,"s:54:4:54:Infinity":13,"s:56:4:80:Infinity":14,"s:58:21:69:Infinity":15,"b:71:6:74:Infinity:undefined:undefined:undefined:undefined":0,"s:71:6:74:Infinity":16,"s:72:8:72:Infinity":17,"s:73:8:73:Infinity":18,"s:76:6:76:Infinity":19,"s:77:6:77:Infinity":20,"s:79:6:79:Infinity":21,"s:83:2:210:Infinity":22,"f:99:31:99:32":4,"s:100:16:112:Infinity":23,"b:104:57:104:68:104:68:104:Infinity":1,"b:105:54:105:78:105:78:105:Infinity":2,"b:135:15:135:Infinity:136:16:138:Infinity":3,"b:141:15:141:Infinity:142:16:144:Infinity":4,"b:204:32:204:55:204:55:204:Infinity":5}}}
,"/Users/nagasainathpalle/Desktop/Personal/sainath.dev/src/components/Experience.css": {"path":"/Users/nagasainathpalle/Desktop/Personal/sainath.dev/src/components/Experience.css","statementMap":{},"fnMap":{},"branchMap":{},"s":{},"f":{},"b":{},"meta":{"lastBranch":0,"lastFunction":0,"lastStatement":0,"seen":{}}}
,"/Users/nagasainathpalle/Desktop/Personal/sainath.dev/src/components/Experience.jsx": {"path":"/Users/nagasainathpalle/Desktop/Personal/sainath.dev/src/components/Experience.jsx","statementMap":{"0":{"start":{"line":4,"column":19},"end":{"line":135,"column":null}},"1":{"start":{"line":5,"column":12},"end":{"line":5,"column":null}},"2":{"start":{"line":7,"column":22},"end":{"line":99,"column":null}},"3":{"start":{"line":101,"column":2},"end":{"line":133,"column":null}},"4":{"start":{"line":111,"column":12},"end":{"line":129,"column":null}},"5":{"start":{"line":122,"column":20},"end":{"line":122,"column":null}}},"fnMap":{"0":{"name":"(anonymous_0)","decl":{"start":{"line":4,"column":19},"end":{"line":4,"column":25}},"loc":{"start":{"line":4,"column":25},"end":{"line":135,"column":null}},"line":4},"1":{"name":"(anonymous_1)","decl":{"start":{"line":110,"column":27},"end":{"line":110,"column":28}},"loc":{"start":{"line":111,"column":12},"end":{"line":129,"column":null}},"line":111},"2":{"name":"(anonymous_2)","decl":{"start":{"line":121,"column":38},"end":{"line":121,"column":39}},"loc":{"start":{"line":122,"column":20},"end":{"line":122,"column":null}},"line":122}},"branchMap":{"0":{"loc":{"start":{"line":111,"column":57},"end":{"line":111,"column":91}},"type":"cond-expr","locations":[{"start":{"line":111,"column":75},"end":{"line":111,"column":84}},{"start":{"line":111,"column":84},"end":{"line":111,"column":91}}],"line":111}},"s":{"0":1,"1":10,"2":10,"3":10,"4":70,"5":280},"f":{"0":10,"1":70,"2":280},"b":{"0":[40,30]},"meta":{"lastBranch":1,"lastFunction":3,"lastStatement":6,"seen":{"s:4:19:135:Infinity":0,"f:4:19:4:25":0,"s:5:12:5:Infinity":1,"s:7:22:99:Infinity":2,"s:101:2:133:Infinity":3,"f:110:27:110:28":1,"s:111:12:129:Infinity":4,"b:111:75:111:84:111:84:111:91":0,"f:121:38:121:39":2,"s:122:20:122:Infinity":5}}}
,"/Users/nagasainathpalle/Desktop/Personal/sainath.dev/src/components/Footer.css": {"path":"/Users/nagasainathpalle/Desktop/Personal/sainath.dev/src/components/Footer.css","statementMap":{},"fnMap":{},"branchMap":{},"s":{},"f":{},"b":{},"meta":{"lastBranch":0,"lastFunction":0,"lastStatement":0,"seen":{}}}
,"/Users/nagasainathpalle/Desktop/Personal/sainath.dev/src/components/Footer.jsx": {"path":"/Users/nagasainathpalle/Desktop/Personal/sainath.dev/src/components/Footer.jsx","statementMap":{"0":{"start":{"line":5,"column":15},"end":{"line":77,"column":null}},"1":{"start":{"line":6,"column":12},"end":{"line":6,"column":null}},"2":{"start":{"line":7,"column":8},"end":{"line":7,"column":null}},"3":{"start":{"line":9,"column":2},"end":{"line":75,"column":null}}},"fnMap":{"0":{"name":"(anonymous_0)","decl":{"start":{"line":5,"column":15},"end":{"line":5,"column":21}},"loc":{"start":{"line":5,"column":21},"end":{"line":77,"column":null}},"line":5}},"branchMap":{},"s":{"0":1,"1":12,"2":12,"3":12},"f":{"0":12},"b":{},"meta":{"lastBranch":0,"lastFunction":1,"lastStatement":4,"seen":{"s:5:15:77:Infinity":0,"f:5:15:5:21":0,"s:6:12:6:Infinity":1,"s:7:8:7:Infinity":2,"s:9:2:75:Infinity":3}}}
,"/Users/nagasainathpalle/Desktop/Personal/sainath.dev/src/components/Hero.css": {"path":"/Users/nagasainathpalle/Desktop/Personal/sainath.dev/src/components/Hero.css","statementMap":{},"fnMap":{},"branchMap":{},"s":{},"f":{},"b":{},"meta":{"lastBranch":0,"lastFunction":0,"lastStatement":0,"seen":{}}}
,"/Users/nagasainathpalle/Desktop/Personal/sainath.dev/src/components/Hero.jsx": {"path":"/Users/nagasainathpalle/Desktop/Personal/sainath.dev/src/components/Hero.jsx","statementMap":{"0":{"start":{"line":5,"column":13},"end":{"line":58,"column":null}},"1":{"start":{"line":6,"column":12},"end":{"line":6,"column":null}},"2":{"start":{"line":8,"column":2},"end":{"line":56,"column":null}}},"fnMap":{"0":{"name":"(anonymous_0)","decl":{"start":{"line":5,"column":13},"end":{"line":5,"column":19}},"loc":{"start":{"line":5,"column":19},"end":{"line":58,"column":null}},"line":5}},"branchMap":{},"s":{"0":1,"1":9,"2":9},"f":{"0":9},"b":{},"meta":{"lastBranch":0,"lastFunction":1,"lastStatement":3,"seen":{"s:5:13:58:Infinity":0,"f:5:13:5:19":0,"s:6:12:6:Infinity":1,"s:8:2:56:Infinity":2}}}
,"/Users/nagasainathpalle/Desktop/Personal/sainath.dev/src/components/LanguageSwitcher.css": {"path":"/Users/nagasainathpalle/Desktop/Personal/sainath.dev/src/components/LanguageSwitcher.css","statementMap":{},"fnMap":{},"branchMap":{},"s":{},"f":{},"b":{},"meta":{"lastBranch":0,"lastFunction":0,"lastStatement":0,"seen":{}}}
,"/Users/nagasainathpalle/Desktop/Personal/sainath.dev/src/components/LanguageSwitcher.jsx": {"path":"/Users/nagasainathpalle/Desktop/Personal/sainath.dev/src/components/LanguageSwitcher.jsx","statementMap":{"0":{"start":{"line":5,"column":25},"end":{"line":54,"column":null}},"1":{"start":{"line":6,"column":15},"end":{"line":6,"column":null}},"2":{"start":{"line":7,"column":26},"end":{"line":7,"column":null}},"3":{"start":{"line":9,"column":20},"end":{"line":16,"column":null}},"4":{"start":{"line":18,"column":26},"end":{"line":18,"column":null}},"5":{"start":{"line":18,"column":49},"end":{"line":18,"column":76}},"6":{"start":{"line":20,"column":25},"end":{"line":23,"column":null}},"7":{"start":{"line":21,"column":4},"end":{"line":21,"column":null}},"8":{"start":{"line":22,"column":4},"end":{"line":22,"column":null}},"9":{"start":{"line":25,"column":2},"end":{"line":52,"column":null}},"10":{"start":{"line":29,"column":23},"end":{"line":29,"column":null}},"11":{"start":{"line":40,"column":12},"end":{"line":48,"column":null}},"12":{"start":{"line":43,"column":29},"end":{"line":43,"column":null}}},"fnMap":{"0":{"name":"(anonymous_0)","decl":{"start":{"line":5,"column":25},"end":{"line":5,"column":31}},"loc":{"start":{"line":5,"column":31},"end":{"line":54,"column":null}},"line":5},"1":{"name":"(anonymous_1)","decl":{"start":{"line":18,"column":41},"end":{"line":18,"column":49}},"loc":{"start":{"line":18,"column":49},"end":{"line":18,"column":76}},"line":18},"2":{"name":"(anonymous_2)","decl":{"start":{"line":20,"column":25},"end":{"line":20,"column":26}},"loc":{"start":{"line":20,"column":43},"end":{"line":23,"column":null}},"line":20},"3":{"name":"(anonymous_3)","decl":{"start":{"line":29,"column":17},"end":{"line":29,"column":23}},"loc":{"start":{"line":29,"column":23},"end":{"line":29,"column":null}},"line":29},"4":{"name":"(anonymous_4)","decl":{"start":{"line":39,"column":25},"end":{"line":39,"column":26}},"loc":{"start":{"line":40,"column":12},"end":{"line":48,"column":null}},"line":40},"5":{"name":"(anonymous_5)","decl":{"start":{"line":43,"column":23},"end":{"line":43,"column":29}},"loc":{"start":{"line":43,"column":29},"end":{"line":43,"column":null}},"line":43}},"branchMap":{"0":{"loc":{"start":{"line":18,"column":26},"end":{"line":18,"column":null}},"type":"binary-expr","locations":[{"start":{"line":18,"column":26},"end":{"line":18,"column":81}},{"start":{"line":18,"column":81},"end":{"line":18,"column":null}}],"line":18},"1":{"loc":{"start":{"line":34,"column":34},"end":{"line":34,"column":54}},"type":"cond-expr","locations":[{"start":{"line":34,"column":43},"end":{"line":34,"column":52}},{"start":{"line":34,"column":52},"end":{"line":34,"column":54}}],"line":34},"2":{"loc":{"start":{"line":37,"column":7},"end":{"line":50,"column":null}},"type":"binary-expr","locations":[{"start":{"line":37,"column":7},"end":{"line":37,"column":null}},{"start":{"line":38,"column":8},"end":{"line":50,"column":null}}],"line":37},"3":{"loc":{"start":{"line":42,"column":44},"end":{"line":42,"column":91}},"type":"cond-expr","locations":[{"start":{"line":42,"column":78},"end":{"line":42,"column":89}},{"start":{"line":42,"column":89},"end":{"line":42,"column":91}}],"line":42},"4":{"loc":{"start":{"line":47,"column":15},"end":{"line":47,"column":null}},"type":"binary-expr","locations":[{"start":{"line":47,"column":15},"end":{"line":47,"column":50}},{"start":{"line":47,"column":50},"end":{"line":47,"column":null}}],"line":47}},"s":{"0":1,"1":12,"2":12,"3":12,"4":12,"5":12,"6":12,"7":1,"8":1,"9":12,"10":4,"11":24,"12":1},"f":{"0":12,"1":12,"2":1,"3":4,"4":24,"5":1},"b":{"0":[12,0],"1":[4,8],"2":[12,4],"3":[4,20],"4":[24,4]},"meta":{"lastBranch":5,"lastFunction":6,"lastStatement":13,"seen":{"s:5:25:54:Infinity":0,"f:5:25:5:31":0,"s:6:15:6:Infinity":1,"s:7:26:7:Infinity":2,"s:9:20:16:Infinity":3,"s:18:26:18:Infinity":4,"b:18:26:18:81:18:81:18:Infinity":0,"f:18:41:18:49":1,"s:18:49:18:76":5,"s:20:25:23:Infinity":6,"f:20:25:20:26":2,"s:21:4:21:Infinity":7,"s:22:4:22:Infinity":8,"s:25:2:52:Infinity":9,"f:29:17:29:23":3,"s:29:23:29:Infinity":10,"b:34:43:34:52:34:52:34:54":1,"b:37:7:37:Infinity:38:8:50:Infinity":2,"f:39:25:39:26":4,"s:40:12:48:Infinity":11,"b:42:78:42:89:42:89:42:91":3,"f:43:23:43:29":5,"s:43:29:43:Infinity":12,"b:47:15:47:50:47:50:47:Infinity":4}}}
,"/Users/nagasainathpalle/Desktop/Personal/sainath.dev/src/components/Loading.css": {"path":"/Users/nagasainathpalle/Desktop/Personal/sainath.dev/src/components/Loading.css","statementMap":{},"fnMap":{},"branchMap":{},"s":{},"f":{},"b":{},"meta":{"lastBranch":0,"lastFunction":0,"lastStatement":0,"seen":{}}}
,"/Users/nagasainathpalle/Desktop/Personal/sainath.dev/src/components/Loading.jsx": {"path":"/Users/nagasainathpalle/Desktop/Personal/sainath.dev/src/components/Loading.jsx","statementMap":{"0":{"start":{"line":3,"column":16},"end":{"line":12,"column":null}},"1":{"start":{"line":4,"column":2},"end":{"line":10,"column":null}}},"fnMap":{"0":{"name":"(anonymous_0)","decl":{"start":{"line":3,"column":16},"end":{"line":3,"column":22}},"loc":{"start":{"line":3,"column":22},"end":{"line":12,"column":null}},"line":3}},"branchMap":{},"s":{"0":1,"1":5},"f":{"0":5},"b":{},"meta":{"lastBranch":0,"lastFunction":1,"lastStatement":2,"seen":{"s:3:16:12:Infinity":0,"f:3:16:3:22":0,"s:4:2:10:Infinity":1}}}
,"/Users/nagasainathpalle/Desktop/Personal/sainath.dev/src/components/Projects.css": {"path":"/Users/nagasainathpalle/Desktop/Personal/sainath.dev/src/components/Projects.css","statementMap":{},"fnMap":{},"branchMap":{},"s":{},"f":{},"b":{},"meta":{"lastBranch":0,"lastFunction":0,"lastStatement":0,"seen":{}}}
,"/Users/nagasainathpalle/Desktop/Personal/sainath.dev/src/components/Projects.jsx": {"path":"/Users/nagasainathpalle/Desktop/Personal/sainath.dev/src/components/Projects.jsx","statementMap":{"0":{"start":{"line":5,"column":17},"end":{"line":203,"column":null}},"1":{"start":{"line":6,"column":12},"end":{"line":6,"column":null}},"2":{"start":{"line":8,"column":27},"end":{"line":83,"column":null}},"3":{"start":{"line":85,"column":24},"end":{"line":101,"column":null}},"4":{"start":{"line":103,"column":2},"end":{"line":201,"column":null}},"5":{"start":{"line":112,"column":46},"end":{"line":112,"column":58}},"6":{"start":{"line":113,"column":12},"end":{"line":164,"column":null}},"7":{"start":{"line":142,"column":18},"end":{"line":142,"column":null}},"8":{"start":{"line":148,"column":18},"end":{"line":148,"column":null}},"9":{"start":{"line":172,"column":12},"end":{"line":196,"column":null}}},"fnMap":{"0":{"name":"(anonymous_0)","decl":{"start":{"line":5,"column":17},"end":{"line":5,"column":23}},"loc":{"start":{"line":5,"column":23},"end":{"line":203,"column":null}},"line":5},"1":{"name":"(anonymous_1)","decl":{"start":{"line":112,"column":35},"end":{"line":112,"column":46}},"loc":{"start":{"line":112,"column":46},"end":{"line":112,"column":58}},"line":112},"2":{"name":"(anonymous_2)","decl":{"start":{"line":112,"column":64},"end":{"line":112,"column":65}},"loc":{"start":{"line":113,"column":12},"end":{"line":164,"column":null}},"line":113},"3":{"name":"(anonymous_3)","decl":{"start":{"line":141,"column":34},"end":{"line":141,"column":35}},"loc":{"start":{"line":142,"column":18},"end":{"line":142,"column":null}},"line":142},"4":{"name":"(anonymous_4)","decl":{"start":{"line":147,"column":40},"end":{"line":147,"column":41}},"loc":{"start":{"line":148,"column":18},"end":{"line":148,"column":null}},"line":148},"5":{"name":"(anonymous_5)","decl":{"start":{"line":171,"column":29},"end":{"line":171,"column":30}},"loc":{"start":{"line":172,"column":12},"end":{"line":196,"column":null}},"line":172}},"branchMap":{"0":{"loc":{"start":{"line":116,"column":19},"end":{"line":123,"column":null}},"type":"cond-expr","locations":[{"start":{"line":117,"column":20},"end":{"line":121,"column":null}},{"start":{"line":123,"column":20},"end":{"line":123,"column":null}}],"line":116},"1":{"loc":{"start":{"line":129,"column":19},"end":{"line":133,"column":null}},"type":"binary-expr","locations":[{"start":{"line":129,"column":19},"end":{"line":129,"column":40}},{"start":{"line":129,"column":40},"end":{"line":129,"column":null}},{"start":{"line":130,"column":20},"end":{"line":133,"column":null}}],"line":129},"2":{"loc":{"start":{"line":153,"column":21},"end":{"line":161,"column":null}},"type":"binary-expr","locations":[{"start":{"line":153,"column":21},"end":{"line":153,"column":null}},{"start":{"line":154,"column":22},"end":{"line":161,"column":null}}],"line":153},"3":{"loc":{"start":{"line":177,"column":17},"end":{"line":177,"column":null}},"type":"cond-expr","locations":[{"start":{"line":177,"column":47},"end":{"line":177,"column":57}},{"start":{"line":177,"column":57},"end":{"line":177,"column":null}}],"line":177},"4":{"loc":{"start":{"line":180,"column":15},"end":{"line":184,"column":null}},"type":"binary-expr","locations":[{"start":{"line":180,"column":15},"end":{"line":180,"column":46}},{"start":{"line":180,"column":46},"end":{"line":180,"column":67}},{"start":{"line":180,"column":67},"end":{"line":180,"column":null}},{"start":{"line":181,"column":16},"end":{"line":184,"column":null}}],"line":180},"5":{"loc":{"start":{"line":186,"column":15},"end":{"line":194,"column":null}},"type":"binary-expr","locations":[{"start":{"line":186,"column":15},"end":{"line":186,"column":46}},{"start":{"line":186,"column":46},"end":{"line":186,"column":null}},{"start":{"line":187,"column":16},"end":{"line":194,"column":null}}],"line":186}},"s":{"0":1,"1":13,"2":13,"3":13,"4":13,"5":78,"6":65,"7":143,"8":260,"9":156},"f":{"0":13,"1":78,"2":65,"3":143,"4":260,"5":156},"b":{"0":[26,39],"1":[65,65,65],"2":[65,65],"3":[0,156],"4":[156,156,78,78],"5":[156,156,78]},"meta":{"lastBranch":6,"lastFunction":6,"lastStatement":10,"seen":{"s:5:17:203:Infinity":0,"f:5:17:5:23":0,"s:6:12:6:Infinity":1,"s:8:27:83:Infinity":2,"s:85:24:101:Infinity":3,"s:103:2:201:Infinity":4,"f:112:35:112:46":1,"s:112:46:112:58":5,"f:112:64:112:65":2,"s:113:12:164:Infinity":6,"b:117:20:121:Infinity:123:20:123:Infinity":0,"b:129:19:129:40:129:40:129:Infinity:130:20:133:Infinity":1,"f:141:34:141:35":3,"s:142:18:142:Infinity":7,"f:147:40:147:41":4,"s:148:18:148:Infinity":8,"b:153:21:153:Infinity:154:22:161:Infinity":2,"f:171:29:171:30":5,"s:172:12:196:Infinity":9,"b:177:47:177:57:177:57:177:Infinity":3,"b:180:15:180:46:180:46:180:67:180:67:180:Infinity:181:16:184:Infinity":4,"b:186:15:186:46:186:46:186:Infinity:187:16:194:Infinity":5}}}
,"/Users/nagasainathpalle/Desktop/Personal/sainath.dev/src/components/Skills.css": {"path":"/Users/nagasainathpalle/Desktop/Personal/sainath.dev/src/components/Skills.css","statementMap":{},"fnMap":{},"branchMap":{},"s":{},"f":{},"b":{},"meta":{"lastBranch":0,"lastFunction":0,"lastStatement":0,"seen":{}}}
,"/Users/nagasainathpalle/Desktop/Personal/sainath.dev/src/components/Skills.jsx": {"path":"/Users/nagasainathpalle/Desktop/Personal/sainath.dev/src/components/Skills.jsx","statementMap":{"0":{"start":{"line":4,"column":15},"end":{"line":103,"column":null}},"1":{"start":{"line":5,"column":12},"end":{"line":5,"column":null}},"2":{"start":{"line":7,"column":26},"end":{"line":27,"column":null}},"3":{"start":{"line":29,"column":21},"end":{"line":34,"column":null}},"4":{"start":{"line":36,"column":20},"end":{"line":40,"column":null}},"5":{"start":{"line":42,"column":24},"end":{"line":48,"column":null}},"6":{"start":{"line":43,"column":4},"end":{"line":45,"column":null}},"7":{"start":{"line":44,"column":6},"end":{"line":44,"column":null}},"8":{"start":{"line":46,"column":4},"end":{"line":46,"column":null}},"9":{"start":{"line":47,"column":4},"end":{"line":47,"column":null}},"10":{"start":{"line":50,"column":2},"end":{"line":101,"column":null}},"11":{"start":{"line":61,"column":14},"end":{"line":70,"column":null}},"12":{"start":{"line":65,"column":20},"end":{"line":67,"column":null}},"13":{"start":{"line":79,"column":18},"end":{"line":82,"column":null}},"14":{"start":{"line":91,"column":18},"end":{"line":94,"column":null}}},"fnMap":{"0":{"name":"(anonymous_0)","decl":{"start":{"line":4,"column":15},"end":{"line":4,"column":21}},"loc":{"start":{"line":4,"column":21},"end":{"line":103,"column":null}},"line":4},"1":{"name":"(anonymous_1)","decl":{"start":{"line":42,"column":47},"end":{"line":42,"column":48}},"loc":{"start":{"line":42,"column":63},"end":{"line":48,"column":5}},"line":42},"2":{"name":"(anonymous_2)","decl":{"start":{"line":60,"column":47},"end":{"line":60,"column":48}},"loc":{"start":{"line":61,"column":14},"end":{"line":70,"column":null}},"line":61},"3":{"name":"(anonymous_3)","decl":{"start":{"line":64,"column":30},"end":{"line":64,"column":31}},"loc":{"start":{"line":65,"column":20},"end":{"line":67,"column":null}},"line":65},"4":{"name":"(anonymous_4)","decl":{"start":{"line":78,"column":32},"end":{"line":78,"column":33}},"loc":{"start":{"line":79,"column":18},"end":{"line":82,"column":null}},"line":79},"5":{"name":"(anonymous_5)","decl":{"start":{"line":90,"column":31},"end":{"line":90,"column":32}},"loc":{"start":{"line":91,"column":18},"end":{"line":94,"column":null}},"line":91}},"branchMap":{"0":{"loc":{"start":{"line":43,"column":4},"end":{"line":45,"column":null}},"type":"if","locations":[{"start":{"line":43,"column":4},"end":{"line":45,"column":null}},{"start":{},"end":{}}],"line":43}},"s":{"0":1,"1":10,"2":10,"3":10,"4":10,"5":10,"6":190,"7":100,"8":190,"9":190,"10":10,"11":100,"12":190,"13":40,"14":30},"f":{"0":10,"1":190,"2":100,"3":190,"4":40,"5":30},"b":{"0":[100,90]},"meta":{"lastBranch":1,"lastFunction":6,"lastStatement":15,"seen":{"s:4:15:103:Infinity":0,"f:4:15:4:21":0,"s:5:12:5:Infinity":1,"s:7:26:27:Infinity":2,"s:29:21:34:Infinity":3,"s:36:20:40:Infinity":4,"s:42:24:48:Infinity":5,"f:42:47:42:48":1,"b:43:4:45:Infinity:undefined:undefined:undefined:undefined":0,"s:43:4:45:Infinity":6,"s:44:6:44:Infinity":7,"s:46:4:46:Infinity":8,"s:47:4:47:Infinity":9,"s:50:2:101:Infinity":10,"f:60:47:60:48":2,"s:61:14:70:Infinity":11,"f:64:30:64:31":3,"s:65:20:67:Infinity":12,"f:78:32:78:33":4,"s:79:18:82:Infinity":13,"f:90:31:90:32":5,"s:91:18:94:Infinity":14}}}
,"/Users/nagasainathpalle/Desktop/Personal/sainath.dev/src/components/Testimonials.css": {"path":"/Users/nagasainathpalle/Desktop/Personal/sainath.dev/src/components/Testimonials.css","statementMap":{},"fnMap":{},"branchMap":{},"s":{},"f":{},"b":{},"meta":{"lastBranch":0,"lastFunction":0,"lastStatement":0,"seen":{}}}
,"/Users/nagasainathpalle/Desktop/Personal/sainath.dev/src/components/Testimonials.jsx": {"path":"/Users/nagasainathpalle/Desktop/Personal/sainath.dev/src/components/Testimonials.jsx","statementMap":{"0":{"start":{"line":4,"column":21},"end":{"line":64,"column":null}},"1":{"start":{"line":5,"column":12},"end":{"line":5,"column":null}},"2":{"start":{"line":7,"column":23},"end":{"line":29,"column":null}},"3":{"start":{"line":31,"column":2},"end":{"line":62,"column":null}},"4":{"start":{"line":41,"column":12},"end":{"line":58,"column":null}},"5":{"start":{"line":47,"column":20},"end":{"line":47,"column":null}}},"fnMap":{"0":{"name":"(anonymous_0)","decl":{"start":{"line":4,"column":21},"end":{"line":4,"column":27}},"loc":{"start":{"line":4,"column":27},"end":{"line":64,"column":null}},"line":4},"1":{"name":"(anonymous_1)","decl":{"start":{"line":40,"column":28},"end":{"line":40,"column":29}},"loc":{"start":{"line":41,"column":12},"end":{"line":58,"column":null}},"line":41},"2":{"name":"(anonymous_2)","decl":{"start":{"line":46,"column":54},"end":{"line":46,"column":55}},"loc":{"start":{"line":47,"column":20},"end":{"line":47,"column":null}},"line":47}},"branchMap":{},"s":{"0":1,"1":9,"2":9,"3":9,"4":27,"5":135},"f":{"0":9,"1":27,"2":135},"b":{},"meta":{"lastBranch":0,"lastFunction":3,"lastStatement":6,"seen":{"s:4:21:64:Infinity":0,"f:4:21:4:27":0,"s:5:12:5:Infinity":1,"s:7:23:29:Infinity":2,"s:31:2:62:Infinity":3,"f:40:28:40:29":1,"s:41:12:58:Infinity":4,"f:46:54:46:55":2,"s:47:20:47:Infinity":5}}}
,"/Users/nagasainathpalle/Desktop/Personal/sainath.dev/src/data/stats.js": {"path":"/Users/nagasainathpalle/Desktop/Personal/sainath.dev/src/data/stats.js","statementMap":{"0":{"start":{"line":2,"column":30},"end":{"line":34,"column":null}},"1":{"start":{"line":37,"column":33},"end":{"line":37,"column":null}},"2":{"start":{"line":37,"column":39},"end":{"line":37,"column":null}},"3":{"start":{"line":38,"column":36},"end":{"line":38,"column":null}},"4":{"start":{"line":38,"column":42},"end":{"line":38,"column":null}},"5":{"start":{"line":39,"column":37},"end":{"line":39,"column":null}},"6":{"start":{"line":39,"column":43},"end":{"line":39,"column":null}},"7":{"start":{"line":40,"column":37},"end":{"line":40,"column":null}},"8":{"start":{"line":40,"column":43},"end":{"line":40,"column":null}},"9":{"start":{"line":41,"column":37},"end":{"line":41,"column":null}},"10":{"start":{"line":41,"column":43},"end":{"line":41,"column":null}},"11":{"start":{"line":42,"column":34},"end":{"line":42,"column":null}},"12":{"start":{"line":42,"column":40},"end":{"line":42,"column":null}}},"fnMap":{"0":{"name":"(anonymous_0)","decl":{"start":{"line":37,"column":33},"end":{"line":37,"column":34}},"loc":{"start":{"line":37,"column":39},"end":{"line":37,"column":null}},"line":37},"1":{"name":"(anonymous_1)","decl":{"start":{"line":38,"column":36},"end":{"line":38,"column":37}},"loc":{"start":{"line":38,"column":42},"end":{"line":38,"column":null}},"line":38},"2":{"name":"(anonymous_2)","decl":{"start":{"line":39,"column":37},"end":{"line":39,"column":38}},"loc":{"start":{"line":39,"column":43},"end":{"line":39,"column":null}},"line":39},"3":{"name":"(anonymous_3)","decl":{"start":{"line":40,"column":37},"end":{"line":40,"column":38}},"loc":{"start":{"line":40,"column":43},"end":{"line":40,"column":null}},"line":40},"4":{"name":"(anonymous_4)","decl":{"start":{"line":41,"column":37},"end":{"line":41,"column":38}},"loc":{"start":{"line":41,"column":43},"end":{"line":41,"column":null}},"line":41},"5":{"name":"(anonymous_5)","decl":{"start":{"line":42,"column":34},"end":{"line":42,"column":35}},"loc":{"start":{"line":42,"column":40},"end":{"line":42,"column":null}},"line":42}},"branchMap":{},"s":{"0":5,"1":5,"2":20,"3":5,"4":20,"5":5,"6":11,"7":5,"8":11,"9":5,"10":0,"11":5,"12":0},"f":{"0":20,"1":20,"2":11,"3":11,"4":0,"5":0},"b":{},"meta":{"lastBranch":0,"lastFunction":6,"lastStatement":13,"seen":{"s:2:30:34:Infinity":0,"s:37:33:37:Infinity":1,"f:37:33:37:34":0,"s:37:39:37:Infinity":2,"s:38:36:38:Infinity":3,"f:38:36:38:37":1,"s:38:42:38:Infinity":4,"s:39:37:39:Infinity":5,"f:39:37:39:38":2,"s:39:43:39:Infinity":6,"s:40:37:40:Infinity":7,"f:40:37:40:38":3,"s:40:43:40:Infinity":8,"s:41:37:41:Infinity":9,"f:41:37:41:38":4,"s:41:43:41:Infinity":10,"s:42:34:42:Infinity":11,"f:42:34:42:35":5,"s:42:40:42:Infinity":12}}}
}
